RXSDK/RXSDK-Android/rxsdk_oaidv2/build/intermediates/manifest_merge_blame_file/debug/manifest-merger-blame-debug-report.txt
1<?xml version="1.0" encoding="utf-8"?>
2<manifest xmlns:android="http://schemas.android.com/apk/res/android"
3    package="com.ruixue.mdid" >
4
5    <uses-sdk android:minSdkVersion="21" />
5-->src/main/AndroidManifest.xml
6
7    <application>
7-->src/main/AndroidManifest.xml:5:5-7:19
8        <meta-data
8-->src/main/AndroidManifest.xml:6:9-98
9            android:name="RX_PLUGIN_OAID"
9-->src/main/AndroidManifest.xml:6:20-49
10            android:value="com.ruixue.mdid.OaidSdkWrapper" />
10-->src/main/AndroidManifest.xml:6:50-96
11    </application>
12
13</manifest>